  Assembling P11_USB_.asm...
  Assembling P27_CompaniaAutobus_.asm...
  Assembling P10_Canvertir_CM_a_M_y_KM_.asm...
  Assembling P13_Calcular_UDC_3_Numeros_.asm...
  Assembling P15_Determinante_Matriz_2x2_.asm...
  Assembling P16_Primeros_N_Num_Serie_Fibonachi_.asm...
  Assembling P19_Mayor_de_N_Numeros_.asm...
  Assembling P21_Ejercicio_Ingresar_N_NumerosDeterminarMenor.asm...
  Assembling P22_Ejercicio_SimilacionCompuerta_OR_.asm...
  Assembling P23_Ejercicio_Y.asm...
  Assembling P24_Ejercicio_ImprimirNota_.asm...
  Assembling P18_Promedio_5_Numeros_.asm...
  Assembling P20_Pedir_N_NumerosImprimirSumatoria_.asm...
  Assembling P25_Impresion_TablaMultiplicar_vPila_.asm...
  Assembling P26_AyudaModista_.asm...
  Assembling P28_MSDH_.asm...
  Assembling P30_Hamburguesa_.asm...
  Assembling P3_CuboNumero_.asm...
  Assembling P4_SueldoEmpleado_.asm...
  Assembling P5_PagandoConGatos_.asm...
  Assembling P6_CalcularIMC_.asm...
  Assembling P7_DistanciaRecorrida_.asm...
  Assembling P8_NumeroDeDosDigitos_.asm...
  Assembling P9_AreaRectangulo_.asm...
P11_USB_.obj : warning LNK4258: la directiva '/ENTRY:main11@0' no es compatible con el modificador '/ENTRY:main25'; se ha omitido
P27_CompaniaAutobus_.obj : warning LNK4258: la directiva '/ENTRY:main27@0' no es compatible con el modificador '/ENTRY:main25'; se ha omitido
P10_Canvertir_CM_a_M_y_KM_.obj : warning LNK4258: la directiva '/ENTRY:mainE10@0' no es compatible con el modificador '/ENTRY:main25'; se ha omitido
P13_Calcular_UDC_3_Numeros_.obj : warning LNK4258: la directiva '/ENTRY:main13@0' no es compatible con el modificador '/ENTRY:main25'; se ha omitido
P15_Determinante_Matriz_2x2_.obj : warning LNK4258: la directiva '/ENTRY:main15@0' no es compatible con el modificador '/ENTRY:main25'; se ha omitido
P16_Primeros_N_Num_Serie_Fibonachi_.obj : warning LNK4258: la directiva '/ENTRY:main16@0' no es compatible con el modificador '/ENTRY:main25'; se ha omitido
P19_Mayor_de_N_Numeros_.obj : warning LNK4258: la directiva '/ENTRY:main19@0' no es compatible con el modificador '/ENTRY:main25'; se ha omitido
P21_Ejercicio_Ingresar_N_NumerosDeterminarMenor.obj : warning LNK4258: la directiva '/ENTRY:main21@0' no es compatible con el modificador '/ENTRY:main25'; se ha omitido
P22_Ejercicio_SimilacionCompuerta_OR_.obj : warning LNK4258: la directiva '/ENTRY:main22@0' no es compatible con el modificador '/ENTRY:main25'; se ha omitido
P23_Ejercicio_Y.obj : warning LNK4258: la directiva '/ENTRY:main23@0' no es compatible con el modificador '/ENTRY:main25'; se ha omitido
P24_Ejercicio_ImprimirNota_.obj : warning LNK4258: la directiva '/ENTRY:main24@0' no es compatible con el modificador '/ENTRY:main25'; se ha omitido
P18_Promedio_5_Numeros_.obj : warning LNK4258: la directiva '/ENTRY:main18@0' no es compatible con el modificador '/ENTRY:main25'; se ha omitido
P20_Pedir_N_NumerosImprimirSumatoria_.obj : warning LNK4258: la directiva '/ENTRY:main20@0' no es compatible con el modificador '/ENTRY:main25'; se ha omitido
P25_Impresion_TablaMultiplicar_vPila_.obj : warning LNK4258: la directiva '/ENTRY:main25@0' no es compatible con el modificador '/ENTRY:main25'; se ha omitido
P26_AyudaModista_.obj : warning LNK4258: la directiva '/ENTRY:main26@0' no es compatible con el modificador '/ENTRY:main25'; se ha omitido
P28_MSDH_.obj : warning LNK4258: la directiva '/ENTRY:main28@0' no es compatible con el modificador '/ENTRY:main25'; se ha omitido
P30_Hamburguesa_.obj : warning LNK4258: la directiva '/ENTRY:main30@0' no es compatible con el modificador '/ENTRY:main25'; se ha omitido
P3_CuboNumero_.obj : warning LNK4258: la directiva '/ENTRY:main3@0' no es compatible con el modificador '/ENTRY:main25'; se ha omitido
P4_SueldoEmpleado_.obj : warning LNK4258: la directiva '/ENTRY:main4@0' no es compatible con el modificador '/ENTRY:main25'; se ha omitido
P5_PagandoConGatos_.obj : warning LNK4258: la directiva '/ENTRY:main5@0' no es compatible con el modificador '/ENTRY:main25'; se ha omitido
P6_CalcularIMC_.obj : warning LNK4258: la directiva '/ENTRY:main6@0' no es compatible con el modificador '/ENTRY:main25'; se ha omitido
P7_DistanciaRecorrida_.obj : warning LNK4258: la directiva '/ENTRY:mainE7@0' no es compatible con el modificador '/ENTRY:main25'; se ha omitido
P8_NumeroDeDosDigitos_.obj : warning LNK4258: la directiva '/ENTRY:main8@0' no es compatible con el modificador '/ENTRY:main25'; se ha omitido
P9_AreaRectangulo_.obj : warning LNK4258: la directiva '/ENTRY:main9@0' no es compatible con el modificador '/ENTRY:main25'; se ha omitido
  PM_4_TareasEjerciciosU2.vcxproj -> D:\Documentos\UAT\UAT 8vo Semestre\#8 Programación de Microprocesadores\PM_CLASE\Unidad_2\PM_4_TareasEjerciciosU2\Debug\PM_4_TareasEjerciciosU2.exe
